Date	Time	Action	Person
2025-08-28	07:30	Unlocked	Michael
2025-08-28	08:15	Locked	Emily
2025-08-28	12:00	Unlocked	Sophia
2025-08-28	12:30	Locked	Ethan
2025-08-28	17:45	Unlocked	Michael
2025-08-28	18:15	Locked	Emily
2025-08-28	22:00	Unlocked	Sophia
2025-08-28	22:15	Locked	Ethan
2025-08-29	07:35	Unlocked	Emily
2025-08-29	08:10	Locked	Sophia
2025-08-29	12:05	Unlocked	Ethan
2025-08-29	12:25	Locked	Michael
2025-08-29	17:50	Unlocked	Emily
2025-08-29	18:20	Locked	Sophia
2025-08-29	22:05	Unlocked	Ethan
2025-08-29	22:20	Locked	Michael
2025-08-30	07:40	Unlocked	Sophia
2025-08-30	08:05	Locked	Ethan
2025-08-30	12:10	Unlocked	Michael
2025-08-30	12:30	Locked	Emily
2025-08-30	17:55	Unlocked	Sophia
2025-08-30	18:25	Locked	Ethan
2025-08-30	22:10	Unlocked	Michael
2025-08-30	22:30	Locked	Emily
2025-08-31	07:45	Unlocked	Ethan
2025-08-31	08:10	Locked	Michael
2025-08-31	12:15	Unlocked	Emily
2025-08-31	12:35	Locked	Sophia
2025-08-31	18:00	Unlocked	Ethan
2025-08-31	18:30	Locked	Michael
2025-08-31	22:15	Unlocked	Emily
2025-08-31	22:35	Locked	Sophia
2025-09-01	07:30	Unlocked	Michael
2025-09-01	08:10	Locked	Emily
2025-09-01	12:00	Unlocked	Sophia
2025-09-01	12:30	Locked	Ethan
2025-09-01	17:45	Unlocked	Michael
2025-09-01	18:15	Locked	Emily
2025-09-01	22:00	Unlocked	Sophia
2025-09-01	22:15	Locked	Ethan
2025-09-02	07:35	Unlocked	Emily
2025-09-02	08:10	Locked	Sophia
2025-09-02	12:05	Unlocked	Ethan
2025-09-02	12:25	Locked	Michael
2025-09-02	17:50	Unlocked	Emily
2025-09-02	18:20	Locked	Sophia
2025-09-02	22:05	Unlocked	Ethan
2025-09-02	22:20	Locked	Michael
2025-09-03	07:40	Unlocked	Sophia
2025-09-03	08:05	Locked	Ethan
2025-09-03	12:10	Unlocked	Michael
2025-09-03	12:30	Locked	Emily
2025-09-03	17:55	Unlocked	Sophia
2025-09-03	18:25	Locked	Ethan
2025-09-03	22:10	Unlocked	Michael
2025-09-03	22:30	Locked	Emily
2025-09-04	07:45	Unlocked	Ethan
2025-09-04	08:10	Locked	Michael
2025-09-04	12:15	Unlocked	Emily
2025-09-04	12:35	Locked	Sophia
2025-09-04	18:00	Unlocked	Ethan
2025-09-04	18:30	Locked	Michael
2025-09-04	22:15	Unlocked	Emily
2025-09-04	22:35	Locked	Sophia
2025-09-05	07:30	Unlocked	Michael
2025-09-05	08:10	Locked	Emily
2025-09-05	12:00	Unlocked	Sophia
2025-09-05	12:30	Locked	Ethan
2025-09-05	17:45	Unlocked	Michael
2025-09-05	18:15	Locked	Emily
2025-09-05	22:00	Unlocked	Sophia
2025-09-05	22:15	Locked	Ethan
2025-09-06	07:35	Unlocked	Emily
2025-09-06	08:10	Locked	Sophia
2025-09-06	12:05	Unlocked	Ethan
2025-09-06	12:25	Locked	Michael
2025-09-06	17:50	Unlocked	Emily
2025-09-06	18:20	Locked	Sophia
2025-09-06	22:05	Unlocked	Ethan
2025-09-06	22:20	Locked	Michael
2025-09-07	07:40	Unlocked	Sophia
2025-09-07	08:05	Locked	Ethan
2025-09-07	12:10	Unlocked	Michael
2025-09-07	12:30	Locked	Emily
2025-09-07	17:55	Unlocked	Sophia
2025-09-07	18:25	Locked	Ethan
2025-09-07	22:10	Unlocked	Michael
2025-09-07	22:30	Locked	Emily
2025-09-08	07:45	Unlocked	Ethan
2025-09-08	08:10	Locked	Michael
2025-09-08	12:15	Unlocked	Emily
2025-09-08	12:35	Locked	Sophia
2025-09-08	18:00	Unlocked	Ethan
2025-09-08	18:30	Locked	Michael
2025-09-08	22:15	Unlocked	Emily
2025-09-08	22:35	Locked	Sophia
2025-09-09	07:30	Unlocked	Michael
2025-09-09	08:10	Locked	Emily
2025-09-09	12:00	Unlocked	Sophia
2025-09-09	12:30	Locked	Ethan
2025-09-09	17:45	Unlocked	Michael
2025-09-09	18:15	Locked	Emily
2025-09-09	22:00	Unlocked	Sophia
2025-09-09	22:15	Locked	Ethan
2025-09-10	07:35	Unlocked	Emily
2025-09-10	08:10	Locked	Sophia
2025-09-10	12:05	Unlocked	Ethan
2025-09-10	12:25	Locked	Michael
2025-09-10	17:50	Unlocked	Emily
2025-09-10	18:20	Locked	Sophia
2025-09-10	22:05	Unlocked	Ethan
2025-09-10	22:20	Locked	Michael
